<?xml version="1.0" encoding="UTF-8"?>
<!-- Generated by org.testng.reporters.JUnitXMLReporter -->
<testsuite hostname="LAPTOP-SV6TDPGG" name="Surefire test" tests="30" failures="0" timestamp="14 Dec 2018 09:55:09 GMT" time="0.636" errors="0">
  <testcase name="tesgångerPI50 on tesgångerPI50(calculator_Fredrik.calculator_Fredrik.TestCase)" time="0.036" classname="calculator_Fredrik.calculator_Fredrik.TestCase"/>
  <testcase name="test0Potens50 on test0Potens50(calculator_Fredrik.calculator_Fredrik.TestCase)" time="0.018" classname="calculator_Fredrik.calculator_Fredrik.TestCase"/>
  <testcase name="testNegPlus50 on testNegPlus50(calculator_Fredrik.calculator_Fredrik.TestCase)" time="0.005" classname="calculator_Fredrik.calculator_Fredrik.TestCase"/>
  <testcase name="testCos50 on testCos50(calculator_Fredrik.calculator_Fredrik.TestCase)" time="0.056" classname="calculator_Fredrik.calculator_Fredrik.TestCase"/>
  <testcase name="testSin50 on testSin50(calculator_Fredrik.calculator_Fredrik.TestCase)" time="0.04" classname="calculator_Fredrik.calculator_Fredrik.TestCase"/>
  <testcase name="testTan50 on testTan50(calculator_Fredrik.calculator_Fredrik.TestCase)" time="0.026" classname="calculator_Fredrik.calculator_Fredrik.TestCase"/>
  <testcase name="testNegMinus50 on testNegMinus50(calculator_Fredrik.calculator_Fredrik.TestCase)" time="0.015" classname="calculator_Fredrik.calculator_Fredrik.TestCase"/>
  <testcase name="testNegRotenUr50 on testNegRotenUr50(calculator_Fredrik.calculator_Fredrik.TestCase)" time="0.015" classname="calculator_Fredrik.calculator_Fredrik.TestCase"/>
  <testcase name="testNegDelat50 on testNegDelat50(calculator_Fredrik.calculator_Fredrik.TestCase)" time="0.021" classname="calculator_Fredrik.calculator_Fredrik.TestCase"/>
  <testcase name="testRotenUr50 on testRotenUr50(calculator_Fredrik.calculator_Fredrik.TestCase)" time="0.027" classname="calculator_Fredrik.calculator_Fredrik.TestCase"/>
  <testcase name="testNegativeGånger50 on testNegativeGånger50(calculator_Fredrik.calculator_Fredrik.TestCase)" time="0.043" classname="calculator_Fredrik.calculator_Fredrik.TestCase"/>
  <testcase name="test0Plus50 on test0Plus50(calculator_Fredrik.calculator_Fredrik.TestCase)" time="0.002" classname="calculator_Fredrik.calculator_Fredrik.TestCase"/>
  <testcase name="tesNegativegångerPI50 on tesNegativegångerPI50(calculator_Fredrik.calculator_Fredrik.TestCase)" time="0.009" classname="calculator_Fredrik.calculator_Fredrik.TestCase"/>
  <testcase name="testGånger50 on testGånger50(calculator_Fredrik.calculator_Fredrik.TestCase)" time="0.008" classname="calculator_Fredrik.calculator_Fredrik.TestCase"/>
  <testcase name="testNegPotens50 on testNegPotens50(calculator_Fredrik.calculator_Fredrik.TestCase)" time="0.01" classname="calculator_Fredrik.calculator_Fredrik.TestCase"/>
  <testcase name="testMinus50 on testMinus50(calculator_Fredrik.calculator_Fredrik.TestCase)" time="0.01" classname="calculator_Fredrik.calculator_Fredrik.TestCase"/>
  <testcase name="test0Cos50 on test0Cos50(calculator_Fredrik.calculator_Fredrik.TestCase)" time="0.009" classname="calculator_Fredrik.calculator_Fredrik.TestCase"/>
  <testcase name="test0Sin50 on test0Sin50(calculator_Fredrik.calculator_Fredrik.TestCase)" time="0.007" classname="calculator_Fredrik.calculator_Fredrik.TestCase"/>
  <testcase name="test0Tan50 on test0Tan50(calculator_Fredrik.calculator_Fredrik.TestCase)" time="0.01" classname="calculator_Fredrik.calculator_Fredrik.TestCase"/>
  <testcase name="test0Minus50 on test0Minus50(calculator_Fredrik.calculator_Fredrik.TestCase)" time="0.007" classname="calculator_Fredrik.calculator_Fredrik.TestCase"/>
  <testcase name="testDelat50 on testDelat50(calculator_Fredrik.calculator_Fredrik.TestCase)" time="0.007" classname="calculator_Fredrik.calculator_Fredrik.TestCase"/>
  <testcase name="testPotens50 on testPotens50(calculator_Fredrik.calculator_Fredrik.TestCase)" time="0.006" classname="calculator_Fredrik.calculator_Fredrik.TestCase"/>
  <testcase name="tes0gångerPI50 on tes0gångerPI50(calculator_Fredrik.calculator_Fredrik.TestCase)" time="0.006" classname="calculator_Fredrik.calculator_Fredrik.TestCase"/>
  <testcase name="testNegCos50 on testNegCos50(calculator_Fredrik.calculator_Fredrik.TestCase)" time="0.008" classname="calculator_Fredrik.calculator_Fredrik.TestCase"/>
  <testcase name="test0RotenUr50 on test0RotenUr50(calculator_Fredrik.calculator_Fredrik.TestCase)" time="0.005" classname="calculator_Fredrik.calculator_Fredrik.TestCase"/>
  <testcase name="test0Gånger50 on test0Gånger50(calculator_Fredrik.calculator_Fredrik.TestCase)" time="0.006" classname="calculator_Fredrik.calculator_Fredrik.TestCase"/>
  <testcase name="test0Delat50 on test0Delat50(calculator_Fredrik.calculator_Fredrik.TestCase)" time="0.006" classname="calculator_Fredrik.calculator_Fredrik.TestCase"/>
  <testcase name="testNegSin50 on testNegSin50(calculator_Fredrik.calculator_Fredrik.TestCase)" time="0.01" classname="calculator_Fredrik.calculator_Fredrik.TestCase"/>
  <testcase name="testNegTan50 on testNegTan50(calculator_Fredrik.calculator_Fredrik.TestCase)" time="0.004" classname="calculator_Fredrik.calculator_Fredrik.TestCase"/>
  <testcase name="testPlus50 on testPlus50(calculator_Fredrik.calculator_Fredrik.TestCase)" time="0.001" classname="calculator_Fredrik.calculator_Fredrik.TestCase"/>
</testsuite> <!-- Surefire test -->
